2022-02-05 09-31-52: __init__.py: line 15: INFO: Started DeepCream/__init__.py
2022-02-05 09-31-52: analysis.py: line 24: INFO: Started DeepCream/cloud_analysis/analysis.py
2022-02-05 09-31-57: tpu_cluster_resolver.py: line 35: DEBUG: Falling back to TensorFlow client; we recommended you install the Cloud TPU client directly with pip install cloud-tpu-client.
2022-02-05 09-31-58: __init__.py: line 47: DEBUG: Creating converter from 7 to 5
2022-02-05 09-31-58: __init__.py: line 47: DEBUG: Creating converter from 5 to 7
2022-02-05 09-31-58: __init__.py: line 47: DEBUG: Creating converter from 7 to 5
2022-02-05 09-31-58: __init__.py: line 47: DEBUG: Creating converter from 5 to 7
2022-02-05 09-32-02: attrs.py: line 77: DEBUG: Creating converter from 3 to 5
2022-02-05 09-32-02: analysis.py: line 112: DEBUG: Initialised CloudFilter
2022-02-05 09-32-10: analysis.py: line 115: DEBUG: Evaluated orig with CloudFilter
2022-02-05 09-32-10: analysis.py: line 118: DEBUG: Resized mask
2022-02-05 09-32-10: analysis.py: line 86: INFO: Created mask
2022-02-05 09-32-10: analysis.py: line 151: DEBUG: Found contours with cv.findContours
2022-02-05 09-32-10: analysis.py: line 154: DEBUG: Reformatted contours
2022-02-05 09-32-10: analysis.py: line 93: INFO: Created contours
2022-02-05 09-32-10: analysis.py: line 273: DEBUG: Initialised cloud
2022-02-05 09-32-10: analysis.py: line 273: DEBUG: Initialised cloud
2022-02-05 09-32-10: analysis.py: line 273: DEBUG: Initialised cloud
2022-02-05 09-32-10: analysis.py: line 273: DEBUG: Initialised cloud
2022-02-05 09-32-10: analysis.py: line 273: DEBUG: Initialised cloud
2022-02-05 09-32-10: analysis.py: line 273: DEBUG: Initialised cloud
2022-02-05 09-32-10: analysis.py: line 273: DEBUG: Initialised cloud
2022-02-05 09-32-10: analysis.py: line 273: DEBUG: Initialised cloud
2022-02-05 09-32-10: analysis.py: line 273: DEBUG: Initialised cloud
2022-02-05 09-32-10: analysis.py: line 273: DEBUG: Initialised cloud
2022-02-05 09-32-10: analysis.py: line 273: DEBUG: Initialised cloud
2022-02-05 09-32-10: analysis.py: line 273: DEBUG: Initialised cloud
2022-02-05 09-32-10: analysis.py: line 273: DEBUG: Initialised cloud
2022-02-05 09-32-10: analysis.py: line 273: DEBUG: Initialised cloud
2022-02-05 09-32-10: analysis.py: line 273: DEBUG: Initialised cloud
2022-02-05 09-32-10: analysis.py: line 273: DEBUG: Initialised cloud
2022-02-05 09-32-10: analysis.py: line 273: DEBUG: Initialised cloud
2022-02-05 09-32-10: analysis.py: line 273: DEBUG: Initialised cloud
2022-02-05 09-32-10: analysis.py: line 273: DEBUG: Initialised cloud
2022-02-05 09-32-10: analysis.py: line 273: DEBUG: Initialised cloud
2022-02-05 09-32-10: analysis.py: line 273: DEBUG: Initialised cloud
2022-02-05 09-32-10: analysis.py: line 273: DEBUG: Initialised cloud
2022-02-05 09-32-10: analysis.py: line 273: DEBUG: Initialised cloud
2022-02-05 09-32-10: analysis.py: line 273: DEBUG: Initialised cloud
2022-02-05 09-32-10: analysis.py: line 273: DEBUG: Initialised cloud
2022-02-05 09-32-10: analysis.py: line 273: DEBUG: Initialised cloud
2022-02-05 09-32-10: analysis.py: line 273: DEBUG: Initialised cloud
2022-02-05 09-32-10: analysis.py: line 273: DEBUG: Initialised cloud
2022-02-05 09-32-10: analysis.py: line 273: DEBUG: Initialised cloud
2022-02-05 09-32-10: analysis.py: line 273: DEBUG: Initialised cloud
2022-02-05 09-32-10: analysis.py: line 273: DEBUG: Initialised cloud
2022-02-05 09-32-10: analysis.py: line 273: DEBUG: Initialised cloud
2022-02-05 09-32-10: analysis.py: line 273: DEBUG: Initialised cloud
2022-02-05 09-32-10: analysis.py: line 273: DEBUG: Initialised cloud
2022-02-05 09-32-10: analysis.py: line 273: DEBUG: Initialised cloud
2022-02-05 09-32-10: analysis.py: line 273: DEBUG: Initialised cloud
2022-02-05 09-32-10: analysis.py: line 273: DEBUG: Initialised cloud
2022-02-05 09-32-10: analysis.py: line 273: DEBUG: Initialised cloud
2022-02-05 09-32-10: analysis.py: line 273: DEBUG: Initialised cloud
2022-02-05 09-32-10: analysis.py: line 273: DEBUG: Initialised cloud
2022-02-05 09-32-10: analysis.py: line 273: DEBUG: Initialised cloud
2022-02-05 09-32-10: analysis.py: line 273: DEBUG: Initialised cloud
2022-02-05 09-32-10: analysis.py: line 273: DEBUG: Initialised cloud
2022-02-05 09-32-10: analysis.py: line 273: DEBUG: Initialised cloud
2022-02-05 09-32-10: analysis.py: line 273: DEBUG: Initialised cloud
2022-02-05 09-32-10: analysis.py: line 273: DEBUG: Initialised cloud
2022-02-05 09-32-10: analysis.py: line 172: DEBUG: Created list of all clouds
2022-02-05 09-32-10: analysis.py: line 177: DEBUG: Filtered clouds by size
2022-02-05 09-32-10: analysis.py: line 184: DEBUG: Filtered clouds by image border
2022-02-05 09-32-10: analysis.py: line 390: DEBUG: Created appr_vec
2022-02-05 09-32-10: analysis.py: line 394: DEBUG: Created perp_vec
2022-02-05 09-32-10: analysis.py: line 400: DEBUG: Created spans
2022-02-05 09-32-10: analysis.py: line 408: DEBUG: Created valid_spans
2022-02-05 09-32-10: analysis.py: line 416: DEBUG: Created edges
2022-02-05 09-32-10: analysis.py: line 390: DEBUG: Created appr_vec
2022-02-05 09-32-10: analysis.py: line 394: DEBUG: Created perp_vec
2022-02-05 09-32-10: analysis.py: line 400: DEBUG: Created spans
2022-02-05 09-32-10: analysis.py: line 408: DEBUG: Created valid_spans
2022-02-05 09-32-10: analysis.py: line 416: DEBUG: Created edges
2022-02-05 09-32-10: analysis.py: line 390: DEBUG: Created appr_vec
2022-02-05 09-32-10: analysis.py: line 394: DEBUG: Created perp_vec
2022-02-05 09-32-10: analysis.py: line 400: DEBUG: Created spans
2022-02-05 09-32-10: analysis.py: line 408: DEBUG: Created valid_spans
2022-02-05 09-32-10: analysis.py: line 416: DEBUG: Created edges
2022-02-05 09-32-10: analysis.py: line 390: DEBUG: Created appr_vec
2022-02-05 09-32-10: analysis.py: line 394: DEBUG: Created perp_vec
2022-02-05 09-32-10: analysis.py: line 400: DEBUG: Created spans
2022-02-05 09-32-10: analysis.py: line 408: DEBUG: Created valid_spans
2022-02-05 09-32-10: analysis.py: line 416: DEBUG: Created edges
2022-02-05 09-32-10: analysis.py: line 390: DEBUG: Created appr_vec
2022-02-05 09-32-10: analysis.py: line 394: DEBUG: Created perp_vec
2022-02-05 09-32-10: analysis.py: line 400: DEBUG: Created spans
2022-02-05 09-32-10: analysis.py: line 408: DEBUG: Created valid_spans
2022-02-05 09-32-10: analysis.py: line 416: DEBUG: Created edges
2022-02-05 09-32-10: analysis.py: line 390: DEBUG: Created appr_vec
2022-02-05 09-32-10: analysis.py: line 394: DEBUG: Created perp_vec
2022-02-05 09-32-10: analysis.py: line 400: DEBUG: Created spans
2022-02-05 09-32-10: analysis.py: line 408: DEBUG: Created valid_spans
2022-02-05 09-32-10: analysis.py: line 416: DEBUG: Created edges
2022-02-05 09-32-10: analysis.py: line 390: DEBUG: Created appr_vec
2022-02-05 09-32-10: analysis.py: line 394: DEBUG: Created perp_vec
2022-02-05 09-32-10: analysis.py: line 400: DEBUG: Created spans
2022-02-05 09-32-10: analysis.py: line 408: DEBUG: Created valid_spans
2022-02-05 09-32-10: analysis.py: line 416: DEBUG: Created edges
2022-02-05 09-32-10: analysis.py: line 390: DEBUG: Created appr_vec
2022-02-05 09-32-10: analysis.py: line 394: DEBUG: Created perp_vec
2022-02-05 09-32-10: analysis.py: line 400: DEBUG: Created spans
2022-02-05 09-32-10: analysis.py: line 408: DEBUG: Created valid_spans
2022-02-05 09-32-10: analysis.py: line 416: DEBUG: Created edges
2022-02-05 09-32-10: analysis.py: line 390: DEBUG: Created appr_vec
2022-02-05 09-32-10: analysis.py: line 394: DEBUG: Created perp_vec
2022-02-05 09-32-10: analysis.py: line 400: DEBUG: Created spans
2022-02-05 09-32-10: analysis.py: line 408: DEBUG: Created valid_spans
2022-02-05 09-32-10: analysis.py: line 416: DEBUG: Created edges
2022-02-05 09-32-10: analysis.py: line 390: DEBUG: Created appr_vec
2022-02-05 09-32-10: analysis.py: line 394: DEBUG: Created perp_vec
2022-02-05 09-32-10: analysis.py: line 400: DEBUG: Created spans
2022-02-05 09-32-10: analysis.py: line 408: DEBUG: Created valid_spans
2022-02-05 09-32-10: analysis.py: line 416: DEBUG: Created edges
2022-02-05 09-32-10: analysis.py: line 390: DEBUG: Created appr_vec
2022-02-05 09-32-10: analysis.py: line 394: DEBUG: Created perp_vec
2022-02-05 09-32-10: analysis.py: line 400: DEBUG: Created spans
2022-02-05 09-32-10: analysis.py: line 408: DEBUG: Created valid_spans
2022-02-05 09-32-10: analysis.py: line 416: DEBUG: Created edges
2022-02-05 09-32-10: analysis.py: line 390: DEBUG: Created appr_vec
2022-02-05 09-32-10: analysis.py: line 394: DEBUG: Created perp_vec
2022-02-05 09-32-10: analysis.py: line 400: DEBUG: Created spans
2022-02-05 09-32-10: analysis.py: line 408: DEBUG: Created valid_spans
2022-02-05 09-32-10: analysis.py: line 416: DEBUG: Created edges
2022-02-05 09-32-10: analysis.py: line 390: DEBUG: Created appr_vec
2022-02-05 09-32-10: analysis.py: line 394: DEBUG: Created perp_vec
2022-02-05 09-32-10: analysis.py: line 400: DEBUG: Created spans
2022-02-05 09-32-10: analysis.py: line 408: DEBUG: Created valid_spans
2022-02-05 09-32-10: analysis.py: line 416: DEBUG: Created edges
2022-02-05 09-32-10: analysis.py: line 390: DEBUG: Created appr_vec
2022-02-05 09-32-10: analysis.py: line 394: DEBUG: Created perp_vec
2022-02-05 09-32-10: analysis.py: line 400: DEBUG: Created spans
2022-02-05 09-32-10: analysis.py: line 408: DEBUG: Created valid_spans
2022-02-05 09-32-10: analysis.py: line 416: DEBUG: Created edges
2022-02-05 09-32-10: analysis.py: line 390: DEBUG: Created appr_vec
2022-02-05 09-32-10: analysis.py: line 394: DEBUG: Created perp_vec
2022-02-05 09-32-10: analysis.py: line 400: DEBUG: Created spans
2022-02-05 09-32-10: analysis.py: line 408: DEBUG: Created valid_spans
2022-02-05 09-32-10: analysis.py: line 416: DEBUG: Created edges
2022-02-05 09-32-10: analysis.py: line 390: DEBUG: Created appr_vec
2022-02-05 09-32-10: analysis.py: line 394: DEBUG: Created perp_vec
2022-02-05 09-32-10: analysis.py: line 400: DEBUG: Created spans
2022-02-05 09-32-10: analysis.py: line 408: DEBUG: Created valid_spans
2022-02-05 09-32-10: analysis.py: line 416: DEBUG: Created edges
2022-02-05 09-32-10: analysis.py: line 390: DEBUG: Created appr_vec
2022-02-05 09-32-10: analysis.py: line 394: DEBUG: Created perp_vec
2022-02-05 09-32-10: analysis.py: line 400: DEBUG: Created spans
2022-02-05 09-32-10: analysis.py: line 408: DEBUG: Created valid_spans
2022-02-05 09-32-11: analysis.py: line 416: DEBUG: Created edges
2022-02-05 09-32-11: analysis.py: line 390: DEBUG: Created appr_vec
2022-02-05 09-32-11: analysis.py: line 394: DEBUG: Created perp_vec
2022-02-05 09-32-11: analysis.py: line 400: DEBUG: Created spans
2022-02-05 09-32-11: analysis.py: line 408: DEBUG: Created valid_spans
2022-02-05 09-32-11: analysis.py: line 416: DEBUG: Created edges
2022-02-05 09-32-11: analysis.py: line 390: DEBUG: Created appr_vec
2022-02-05 09-32-11: analysis.py: line 394: DEBUG: Created perp_vec
2022-02-05 09-32-11: analysis.py: line 400: DEBUG: Created spans
2022-02-05 09-32-11: analysis.py: line 408: DEBUG: Created valid_spans
2022-02-05 09-32-11: analysis.py: line 411: WARNING: The cloud has no valid spans
2022-02-05 09-32-11: analysis.py: line 416: DEBUG: Created edges
2022-02-05 09-32-11: analysis.py: line 390: DEBUG: Created appr_vec
2022-02-05 09-32-11: analysis.py: line 394: DEBUG: Created perp_vec
2022-02-05 09-32-11: analysis.py: line 400: DEBUG: Created spans
2022-02-05 09-32-11: analysis.py: line 408: DEBUG: Created valid_spans
2022-02-05 09-32-11: analysis.py: line 411: WARNING: The cloud has no valid spans
2022-02-05 09-32-11: analysis.py: line 416: DEBUG: Created edges
2022-02-05 09-32-11: analysis.py: line 390: DEBUG: Created appr_vec
2022-02-05 09-32-11: analysis.py: line 394: DEBUG: Created perp_vec
2022-02-05 09-32-11: analysis.py: line 400: DEBUG: Created spans
2022-02-05 09-32-11: analysis.py: line 408: DEBUG: Created valid_spans
2022-02-05 09-32-11: analysis.py: line 411: WARNING: The cloud has no valid spans
2022-02-05 09-32-11: analysis.py: line 416: DEBUG: Created edges
2022-02-05 09-32-11: analysis.py: line 390: DEBUG: Created appr_vec
2022-02-05 09-32-11: analysis.py: line 394: DEBUG: Created perp_vec
2022-02-05 09-32-11: analysis.py: line 400: DEBUG: Created spans
2022-02-05 09-32-11: analysis.py: line 408: DEBUG: Created valid_spans
2022-02-05 09-32-11: analysis.py: line 416: DEBUG: Created edges
2022-02-05 09-32-11: analysis.py: line 390: DEBUG: Created appr_vec
2022-02-05 09-32-11: analysis.py: line 394: DEBUG: Created perp_vec
2022-02-05 09-32-11: analysis.py: line 400: DEBUG: Created spans
2022-02-05 09-32-11: analysis.py: line 408: DEBUG: Created valid_spans
2022-02-05 09-32-11: analysis.py: line 416: DEBUG: Created edges
2022-02-05 09-32-11: analysis.py: line 390: DEBUG: Created appr_vec
2022-02-05 09-32-11: analysis.py: line 394: DEBUG: Created perp_vec
2022-02-05 09-32-11: analysis.py: line 400: DEBUG: Created spans
2022-02-05 09-32-11: analysis.py: line 408: DEBUG: Created valid_spans
2022-02-05 09-32-11: analysis.py: line 416: DEBUG: Created edges
2022-02-05 09-32-11: analysis.py: line 390: DEBUG: Created appr_vec
2022-02-05 09-32-11: analysis.py: line 394: DEBUG: Created perp_vec
2022-02-05 09-32-11: analysis.py: line 400: DEBUG: Created spans
2022-02-05 09-32-11: analysis.py: line 408: DEBUG: Created valid_spans
2022-02-05 09-32-11: analysis.py: line 416: DEBUG: Created edges
2022-02-05 09-32-11: analysis.py: line 390: DEBUG: Created appr_vec
2022-02-05 09-32-11: analysis.py: line 394: DEBUG: Created perp_vec
2022-02-05 09-32-11: analysis.py: line 400: DEBUG: Created spans
2022-02-05 09-32-11: analysis.py: line 408: DEBUG: Created valid_spans
2022-02-05 09-32-11: analysis.py: line 411: WARNING: The cloud has no valid spans
2022-02-05 09-32-11: analysis.py: line 416: DEBUG: Created edges
2022-02-05 09-32-11: analysis.py: line 390: DEBUG: Created appr_vec
2022-02-05 09-32-11: analysis.py: line 394: DEBUG: Created perp_vec
2022-02-05 09-32-11: analysis.py: line 400: DEBUG: Created spans
2022-02-05 09-32-11: analysis.py: line 408: DEBUG: Created valid_spans
2022-02-05 09-32-11: analysis.py: line 416: DEBUG: Created edges
2022-02-05 09-32-11: analysis.py: line 390: DEBUG: Created appr_vec
2022-02-05 09-32-11: analysis.py: line 394: DEBUG: Created perp_vec
2022-02-05 09-32-11: analysis.py: line 400: DEBUG: Created spans
2022-02-05 09-32-11: analysis.py: line 408: DEBUG: Created valid_spans
2022-02-05 09-32-11: analysis.py: line 416: DEBUG: Created edges
2022-02-05 09-32-11: analysis.py: line 390: DEBUG: Created appr_vec
2022-02-05 09-32-11: analysis.py: line 394: DEBUG: Created perp_vec
2022-02-05 09-32-11: analysis.py: line 400: DEBUG: Created spans
2022-02-05 09-32-11: analysis.py: line 408: DEBUG: Created valid_spans
2022-02-05 09-32-11: analysis.py: line 416: DEBUG: Created edges
2022-02-05 09-32-11: analysis.py: line 390: DEBUG: Created appr_vec
2022-02-05 09-32-11: analysis.py: line 394: DEBUG: Created perp_vec
2022-02-05 09-32-11: analysis.py: line 400: DEBUG: Created spans
2022-02-05 09-32-11: analysis.py: line 408: DEBUG: Created valid_spans
2022-02-05 09-32-11: analysis.py: line 416: DEBUG: Created edges
2022-02-05 09-32-11: analysis.py: line 390: DEBUG: Created appr_vec
2022-02-05 09-32-11: analysis.py: line 394: DEBUG: Created perp_vec
2022-02-05 09-32-11: analysis.py: line 400: DEBUG: Created spans
2022-02-05 09-32-11: analysis.py: line 408: DEBUG: Created valid_spans
2022-02-05 09-32-11: analysis.py: line 411: WARNING: The cloud has no valid spans
2022-02-05 09-32-11: analysis.py: line 416: DEBUG: Created edges
2022-02-05 09-32-11: analysis.py: line 390: DEBUG: Created appr_vec
2022-02-05 09-32-11: analysis.py: line 394: DEBUG: Created perp_vec
2022-02-05 09-32-11: analysis.py: line 400: DEBUG: Created spans
2022-02-05 09-32-11: analysis.py: line 408: DEBUG: Created valid_spans
2022-02-05 09-32-11: analysis.py: line 416: DEBUG: Created edges
2022-02-05 09-32-11: analysis.py: line 390: DEBUG: Created appr_vec
2022-02-05 09-32-11: analysis.py: line 394: DEBUG: Created perp_vec
2022-02-05 09-32-11: analysis.py: line 400: DEBUG: Created spans
2022-02-05 09-32-11: analysis.py: line 408: DEBUG: Created valid_spans
2022-02-05 09-32-11: analysis.py: line 416: DEBUG: Created edges
2022-02-05 09-32-11: analysis.py: line 390: DEBUG: Created appr_vec
2022-02-05 09-32-11: analysis.py: line 394: DEBUG: Created perp_vec
2022-02-05 09-32-11: analysis.py: line 400: DEBUG: Created spans
2022-02-05 09-32-11: analysis.py: line 408: DEBUG: Created valid_spans
2022-02-05 09-32-11: analysis.py: line 411: WARNING: The cloud has no valid spans
2022-02-05 09-32-11: analysis.py: line 416: DEBUG: Created edges
2022-02-05 09-32-11: analysis.py: line 390: DEBUG: Created appr_vec
2022-02-05 09-32-11: analysis.py: line 394: DEBUG: Created perp_vec
2022-02-05 09-32-11: analysis.py: line 400: DEBUG: Created spans
2022-02-05 09-32-11: analysis.py: line 408: DEBUG: Created valid_spans
2022-02-05 09-32-11: analysis.py: line 411: WARNING: The cloud has no valid spans
2022-02-05 09-32-11: analysis.py: line 416: DEBUG: Created edges
2022-02-05 09-32-11: analysis.py: line 390: DEBUG: Created appr_vec
2022-02-05 09-32-11: analysis.py: line 394: DEBUG: Created perp_vec
2022-02-05 09-32-11: analysis.py: line 400: DEBUG: Created spans
2022-02-05 09-32-11: analysis.py: line 408: DEBUG: Created valid_spans
2022-02-05 09-32-11: analysis.py: line 411: WARNING: The cloud has no valid spans
2022-02-05 09-32-11: analysis.py: line 416: DEBUG: Created edges
2022-02-05 09-32-11: analysis.py: line 390: DEBUG: Created appr_vec
2022-02-05 09-32-11: analysis.py: line 394: DEBUG: Created perp_vec
2022-02-05 09-32-11: analysis.py: line 400: DEBUG: Created spans
2022-02-05 09-32-11: analysis.py: line 408: DEBUG: Created valid_spans
2022-02-05 09-32-11: analysis.py: line 416: DEBUG: Created edges
2022-02-05 09-32-11: analysis.py: line 390: DEBUG: Created appr_vec
2022-02-05 09-32-11: analysis.py: line 394: DEBUG: Created perp_vec
2022-02-05 09-32-11: analysis.py: line 400: DEBUG: Created spans
2022-02-05 09-32-11: analysis.py: line 408: DEBUG: Created valid_spans
2022-02-05 09-32-11: analysis.py: line 416: DEBUG: Created edges
2022-02-05 09-32-11: analysis.py: line 390: DEBUG: Created appr_vec
2022-02-05 09-32-11: analysis.py: line 394: DEBUG: Created perp_vec
2022-02-05 09-32-11: analysis.py: line 400: DEBUG: Created spans
2022-02-05 09-32-11: analysis.py: line 408: DEBUG: Created valid_spans
2022-02-05 09-32-11: analysis.py: line 416: DEBUG: Created edges
2022-02-05 09-32-11: analysis.py: line 390: DEBUG: Created appr_vec
2022-02-05 09-32-11: analysis.py: line 394: DEBUG: Created perp_vec
2022-02-05 09-32-11: analysis.py: line 400: DEBUG: Created spans
2022-02-05 09-32-11: analysis.py: line 408: DEBUG: Created valid_spans
2022-02-05 09-32-11: analysis.py: line 416: DEBUG: Created edges
2022-02-05 09-32-11: analysis.py: line 390: DEBUG: Created appr_vec
2022-02-05 09-32-11: analysis.py: line 394: DEBUG: Created perp_vec
2022-02-05 09-32-11: analysis.py: line 400: DEBUG: Created spans
2022-02-05 09-32-11: analysis.py: line 408: DEBUG: Created valid_spans
2022-02-05 09-32-11: analysis.py: line 411: WARNING: The cloud has no valid spans
2022-02-05 09-32-11: analysis.py: line 416: DEBUG: Created edges
2022-02-05 09-32-11: analysis.py: line 390: DEBUG: Created appr_vec
2022-02-05 09-32-11: analysis.py: line 394: DEBUG: Created perp_vec
2022-02-05 09-32-11: analysis.py: line 400: DEBUG: Created spans
2022-02-05 09-32-11: analysis.py: line 408: DEBUG: Created valid_spans
2022-02-05 09-32-11: analysis.py: line 416: DEBUG: Created edges
2022-02-05 09-32-11: analysis.py: line 390: DEBUG: Created appr_vec
2022-02-05 09-32-11: analysis.py: line 394: DEBUG: Created perp_vec
2022-02-05 09-32-11: analysis.py: line 400: DEBUG: Created spans
2022-02-05 09-32-11: analysis.py: line 408: DEBUG: Created valid_spans
2022-02-05 09-32-11: analysis.py: line 416: DEBUG: Created edges
2022-02-05 09-32-11: analysis.py: line 390: DEBUG: Created appr_vec
2022-02-05 09-32-11: analysis.py: line 394: DEBUG: Created perp_vec
2022-02-05 09-32-11: analysis.py: line 400: DEBUG: Created spans
2022-02-05 09-32-11: analysis.py: line 408: DEBUG: Created valid_spans
2022-02-05 09-32-11: analysis.py: line 411: WARNING: The cloud has no valid spans
2022-02-05 09-32-11: analysis.py: line 416: DEBUG: Created edges
2022-02-05 09-32-11: analysis.py: line 390: DEBUG: Created appr_vec
2022-02-05 09-32-11: analysis.py: line 394: DEBUG: Created perp_vec
2022-02-05 09-32-11: analysis.py: line 400: DEBUG: Created spans
2022-02-05 09-32-11: analysis.py: line 408: DEBUG: Created valid_spans
2022-02-05 09-32-11: analysis.py: line 411: WARNING: The cloud has no valid spans
2022-02-05 09-32-11: analysis.py: line 416: DEBUG: Created edges
2022-02-05 09-32-11: analysis.py: line 390: DEBUG: Created appr_vec
2022-02-05 09-32-11: analysis.py: line 394: DEBUG: Created perp_vec
2022-02-05 09-32-11: analysis.py: line 400: DEBUG: Created spans
2022-02-05 09-32-11: analysis.py: line 408: DEBUG: Created valid_spans
2022-02-05 09-32-11: analysis.py: line 416: DEBUG: Created edges
2022-02-05 09-32-11: analysis.py: line 390: DEBUG: Created appr_vec
2022-02-05 09-32-11: analysis.py: line 394: DEBUG: Created perp_vec
2022-02-05 09-32-11: analysis.py: line 400: DEBUG: Created spans
2022-02-05 09-32-11: analysis.py: line 408: DEBUG: Created valid_spans
2022-02-05 09-32-11: analysis.py: line 416: DEBUG: Created edges
2022-02-05 09-32-11: analysis.py: line 390: DEBUG: Created appr_vec
2022-02-05 09-32-11: analysis.py: line 394: DEBUG: Created perp_vec
2022-02-05 09-32-11: analysis.py: line 400: DEBUG: Created spans
2022-02-05 09-32-11: analysis.py: line 408: DEBUG: Created valid_spans
2022-02-05 09-32-11: analysis.py: line 411: WARNING: The cloud has no valid spans
2022-02-05 09-32-11: analysis.py: line 416: DEBUG: Created edges
2022-02-05 09-32-11: analysis.py: line 390: DEBUG: Created appr_vec
2022-02-05 09-32-11: analysis.py: line 394: DEBUG: Created perp_vec
2022-02-05 09-32-11: analysis.py: line 400: DEBUG: Created spans
2022-02-05 09-32-11: analysis.py: line 408: DEBUG: Created valid_spans
2022-02-05 09-32-11: analysis.py: line 416: DEBUG: Created edges
2022-02-05 09-32-11: analysis.py: line 390: DEBUG: Created appr_vec
2022-02-05 09-32-11: analysis.py: line 394: DEBUG: Created perp_vec
2022-02-05 09-32-11: analysis.py: line 400: DEBUG: Created spans
2022-02-05 09-32-11: analysis.py: line 408: DEBUG: Created valid_spans
2022-02-05 09-32-11: analysis.py: line 416: DEBUG: Created edges
2022-02-05 09-32-11: analysis.py: line 390: DEBUG: Created appr_vec
2022-02-05 09-32-11: analysis.py: line 394: DEBUG: Created perp_vec
2022-02-05 09-32-11: analysis.py: line 400: DEBUG: Created spans
2022-02-05 09-32-11: analysis.py: line 408: DEBUG: Created valid_spans
2022-02-05 09-32-11: analysis.py: line 411: WARNING: The cloud has no valid spans
2022-02-05 09-32-11: analysis.py: line 416: DEBUG: Created edges
2022-02-05 09-32-11: analysis.py: line 390: DEBUG: Created appr_vec
2022-02-05 09-32-11: analysis.py: line 394: DEBUG: Created perp_vec
2022-02-05 09-32-11: analysis.py: line 400: DEBUG: Created spans
2022-02-05 09-32-11: analysis.py: line 408: DEBUG: Created valid_spans
2022-02-05 09-32-11: analysis.py: line 416: DEBUG: Created edges
2022-02-05 09-32-11: analysis.py: line 390: DEBUG: Created appr_vec
2022-02-05 09-32-11: analysis.py: line 394: DEBUG: Created perp_vec
2022-02-05 09-32-11: analysis.py: line 400: DEBUG: Created spans
2022-02-05 09-32-11: analysis.py: line 408: DEBUG: Created valid_spans
2022-02-05 09-32-11: analysis.py: line 416: DEBUG: Created edges
2022-02-05 09-32-11: analysis.py: line 390: DEBUG: Created appr_vec
2022-02-05 09-32-11: analysis.py: line 394: DEBUG: Created perp_vec
2022-02-05 09-32-11: analysis.py: line 400: DEBUG: Created spans
2022-02-05 09-32-11: analysis.py: line 408: DEBUG: Created valid_spans
2022-02-05 09-32-11: analysis.py: line 416: DEBUG: Created edges
2022-02-05 09-32-11: analysis.py: line 390: DEBUG: Created appr_vec
2022-02-05 09-32-11: analysis.py: line 394: DEBUG: Created perp_vec
2022-02-05 09-32-11: analysis.py: line 400: DEBUG: Created spans
2022-02-05 09-32-11: analysis.py: line 408: DEBUG: Created valid_spans
2022-02-05 09-32-11: analysis.py: line 416: DEBUG: Created edges
2022-02-05 09-32-11: analysis.py: line 390: DEBUG: Created appr_vec
2022-02-05 09-32-11: analysis.py: line 394: DEBUG: Created perp_vec
2022-02-05 09-32-11: analysis.py: line 400: DEBUG: Created spans
2022-02-05 09-32-11: analysis.py: line 408: DEBUG: Created valid_spans
2022-02-05 09-32-11: analysis.py: line 411: WARNING: The cloud has no valid spans
2022-02-05 09-32-11: analysis.py: line 416: DEBUG: Created edges
2022-02-05 09-32-11: analysis.py: line 390: DEBUG: Created appr_vec
2022-02-05 09-32-11: analysis.py: line 394: DEBUG: Created perp_vec
2022-02-05 09-32-11: analysis.py: line 400: DEBUG: Created spans
2022-02-05 09-32-11: analysis.py: line 408: DEBUG: Created valid_spans
2022-02-05 09-32-11: analysis.py: line 416: DEBUG: Created edges
2022-02-05 09-32-11: analysis.py: line 390: DEBUG: Created appr_vec
2022-02-05 09-32-11: analysis.py: line 394: DEBUG: Created perp_vec
2022-02-05 09-32-11: analysis.py: line 400: DEBUG: Created spans
2022-02-05 09-32-11: analysis.py: line 408: DEBUG: Created valid_spans
2022-02-05 09-32-11: analysis.py: line 416: DEBUG: Created edges
2022-02-05 09-32-11: analysis.py: line 390: DEBUG: Created appr_vec
2022-02-05 09-32-11: analysis.py: line 394: DEBUG: Created perp_vec
2022-02-05 09-32-11: analysis.py: line 400: DEBUG: Created spans
2022-02-05 09-32-11: analysis.py: line 408: DEBUG: Created valid_spans
2022-02-05 09-32-11: analysis.py: line 416: DEBUG: Created edges
2022-02-05 09-32-11: analysis.py: line 390: DEBUG: Created appr_vec
2022-02-05 09-32-11: analysis.py: line 394: DEBUG: Created perp_vec
2022-02-05 09-32-11: analysis.py: line 400: DEBUG: Created spans
2022-02-05 09-32-11: analysis.py: line 408: DEBUG: Created valid_spans
2022-02-05 09-32-11: analysis.py: line 416: DEBUG: Created edges
2022-02-05 09-32-11: analysis.py: line 390: DEBUG: Created appr_vec
2022-02-05 09-32-11: analysis.py: line 394: DEBUG: Created perp_vec
2022-02-05 09-32-11: analysis.py: line 400: DEBUG: Created spans
2022-02-05 09-32-11: analysis.py: line 408: DEBUG: Created valid_spans
2022-02-05 09-32-11: analysis.py: line 416: DEBUG: Created edges
2022-02-05 09-32-11: analysis.py: line 390: DEBUG: Created appr_vec
2022-02-05 09-32-11: analysis.py: line 394: DEBUG: Created perp_vec
2022-02-05 09-32-11: analysis.py: line 400: DEBUG: Created spans
2022-02-05 09-32-11: analysis.py: line 408: DEBUG: Created valid_spans
2022-02-05 09-32-11: analysis.py: line 416: DEBUG: Created edges
2022-02-05 09-32-11: analysis.py: line 390: DEBUG: Created appr_vec
2022-02-05 09-32-11: analysis.py: line 394: DEBUG: Created perp_vec
2022-02-05 09-32-11: analysis.py: line 400: DEBUG: Created spans
2022-02-05 09-32-11: analysis.py: line 408: DEBUG: Created valid_spans
2022-02-05 09-32-11: analysis.py: line 416: DEBUG: Created edges
2022-02-05 09-32-11: analysis.py: line 390: DEBUG: Created appr_vec
2022-02-05 09-32-11: analysis.py: line 394: DEBUG: Created perp_vec
2022-02-05 09-32-11: analysis.py: line 400: DEBUG: Created spans
2022-02-05 09-32-11: analysis.py: line 408: DEBUG: Created valid_spans
2022-02-05 09-32-11: analysis.py: line 416: DEBUG: Created edges
2022-02-05 09-32-11: analysis.py: line 390: DEBUG: Created appr_vec
2022-02-05 09-32-11: analysis.py: line 394: DEBUG: Created perp_vec
2022-02-05 09-32-11: analysis.py: line 400: DEBUG: Created spans
2022-02-05 09-32-11: analysis.py: line 408: DEBUG: Created valid_spans
2022-02-05 09-32-11: analysis.py: line 416: DEBUG: Created edges
2022-02-05 09-32-11: analysis.py: line 390: DEBUG: Created appr_vec
2022-02-05 09-32-11: analysis.py: line 394: DEBUG: Created perp_vec
2022-02-05 09-32-11: analysis.py: line 400: DEBUG: Created spans
2022-02-05 09-32-12: analysis.py: line 408: DEBUG: Created valid_spans
2022-02-05 09-32-12: analysis.py: line 416: DEBUG: Created edges
2022-02-05 09-32-12: analysis.py: line 390: DEBUG: Created appr_vec
2022-02-05 09-32-12: analysis.py: line 394: DEBUG: Created perp_vec
2022-02-05 09-32-12: analysis.py: line 400: DEBUG: Created spans
2022-02-05 09-32-12: analysis.py: line 408: DEBUG: Created valid_spans
2022-02-05 09-32-12: analysis.py: line 416: DEBUG: Created edges
2022-02-05 09-32-12: analysis.py: line 390: DEBUG: Created appr_vec
2022-02-05 09-32-12: analysis.py: line 394: DEBUG: Created perp_vec
2022-02-05 09-32-12: analysis.py: line 400: DEBUG: Created spans
2022-02-05 09-32-12: analysis.py: line 408: DEBUG: Created valid_spans
2022-02-05 09-32-12: analysis.py: line 416: DEBUG: Created edges
2022-02-05 09-32-12: analysis.py: line 390: DEBUG: Created appr_vec
2022-02-05 09-32-12: analysis.py: line 394: DEBUG: Created perp_vec
2022-02-05 09-32-12: analysis.py: line 400: DEBUG: Created spans
2022-02-05 09-32-12: analysis.py: line 408: DEBUG: Created valid_spans
2022-02-05 09-32-12: analysis.py: line 416: DEBUG: Created edges
2022-02-05 09-32-12: analysis.py: line 390: DEBUG: Created appr_vec
2022-02-05 09-32-12: analysis.py: line 394: DEBUG: Created perp_vec
2022-02-05 09-32-12: analysis.py: line 400: DEBUG: Created spans
2022-02-05 09-32-12: analysis.py: line 408: DEBUG: Created valid_spans
2022-02-05 09-32-12: analysis.py: line 416: DEBUG: Created edges
2022-02-05 09-32-12: analysis.py: line 390: DEBUG: Created appr_vec
2022-02-05 09-32-12: analysis.py: line 394: DEBUG: Created perp_vec
2022-02-05 09-32-12: analysis.py: line 400: DEBUG: Created spans
2022-02-05 09-32-12: analysis.py: line 408: DEBUG: Created valid_spans
2022-02-05 09-32-12: analysis.py: line 416: DEBUG: Created edges
2022-02-05 09-32-12: analysis.py: line 390: DEBUG: Created appr_vec
2022-02-05 09-32-12: analysis.py: line 394: DEBUG: Created perp_vec
2022-02-05 09-32-12: analysis.py: line 400: DEBUG: Created spans
2022-02-05 09-32-12: analysis.py: line 408: DEBUG: Created valid_spans
2022-02-05 09-32-12: analysis.py: line 416: DEBUG: Created edges
2022-02-05 09-32-12: analysis.py: line 196: DEBUG: Filtered clouds by visible area border
2022-02-05 09-32-12: analysis.py: line 97: INFO: Created clouds
