2022-02-04 16-51-27: __init__.py: 19: INFO: Started DeepCream/__init__.py
2022-02-04 16-51-28: tpu_cluster_resolver.py: 35: DEBUG: Falling back to TensorFlow client; we recommended you install the Cloud TPU client directly with pip install cloud-tpu-client.
2022-02-04 16-51-29: __init__.py: 47: DEBUG: Creating converter from 7 to 5
2022-02-04 16-51-29: __init__.py: 47: DEBUG: Creating converter from 5 to 7
2022-02-04 16-51-29: __init__.py: 47: DEBUG: Creating converter from 7 to 5
2022-02-04 16-51-29: __init__.py: 47: DEBUG: Creating converter from 5 to 7
2022-02-04 16-51-31: analysis.py: 31: INFO: Started DeepCream/cloud_analysis/analysis.py
2022-02-04 16-51-31: attrs.py: 77: DEBUG: Creating converter from 3 to 5
2022-02-04 16-51-32: analysis.py: 107: DEBUG: Initialised CloudFilter
2022-02-04 16-51-40: analysis.py: 110: DEBUG: Evaluated orig with CloudFilter
2022-02-04 16-51-40: analysis.py: 117: DEBUG: Resized mask
2022-02-04 16-51-40: analysis.py: 85: INFO: Created mask
2022-02-04 16-51-40: analysis.py: 150: DEBUG: Found contours with cv.findContours
2022-02-04 16-51-40: analysis.py: 153: DEBUG: Reformatted contours
2022-02-04 16-51-40: analysis.py: 88: INFO: Created contours
2022-02-04 16-51-40: analysis.py: 273: DEBUG: Initialised cloud
2022-02-04 16-51-40: analysis.py: 273: DEBUG: Initialised cloud
2022-02-04 16-51-40: analysis.py: 273: DEBUG: Initialised cloud
2022-02-04 16-51-40: analysis.py: 273: DEBUG: Initialised cloud
2022-02-04 16-51-40: analysis.py: 273: DEBUG: Initialised cloud
2022-02-04 16-51-40: analysis.py: 273: DEBUG: Initialised cloud
2022-02-04 16-51-40: analysis.py: 273: DEBUG: Initialised cloud
2022-02-04 16-51-40: analysis.py: 273: DEBUG: Initialised cloud
2022-02-04 16-51-40: analysis.py: 273: DEBUG: Initialised cloud
2022-02-04 16-51-40: analysis.py: 273: DEBUG: Initialised cloud
2022-02-04 16-51-40: analysis.py: 273: DEBUG: Initialised cloud
2022-02-04 16-51-40: analysis.py: 273: DEBUG: Initialised cloud
2022-02-04 16-51-40: analysis.py: 273: DEBUG: Initialised cloud
2022-02-04 16-51-40: analysis.py: 273: DEBUG: Initialised cloud
2022-02-04 16-51-40: analysis.py: 273: DEBUG: Initialised cloud
2022-02-04 16-51-40: analysis.py: 273: DEBUG: Initialised cloud
2022-02-04 16-51-40: analysis.py: 273: DEBUG: Initialised cloud
2022-02-04 16-51-40: analysis.py: 273: DEBUG: Initialised cloud
2022-02-04 16-51-40: analysis.py: 273: DEBUG: Initialised cloud
2022-02-04 16-51-40: analysis.py: 273: DEBUG: Initialised cloud
2022-02-04 16-51-40: analysis.py: 273: DEBUG: Initialised cloud
2022-02-04 16-51-40: analysis.py: 273: DEBUG: Initialised cloud
2022-02-04 16-51-40: analysis.py: 273: DEBUG: Initialised cloud
2022-02-04 16-51-40: analysis.py: 273: DEBUG: Initialised cloud
2022-02-04 16-51-40: analysis.py: 273: DEBUG: Initialised cloud
2022-02-04 16-51-40: analysis.py: 273: DEBUG: Initialised cloud
2022-02-04 16-51-40: analysis.py: 273: DEBUG: Initialised cloud
2022-02-04 16-51-40: analysis.py: 273: DEBUG: Initialised cloud
2022-02-04 16-51-40: analysis.py: 273: DEBUG: Initialised cloud
2022-02-04 16-51-40: analysis.py: 273: DEBUG: Initialised cloud
2022-02-04 16-51-40: analysis.py: 273: DEBUG: Initialised cloud
2022-02-04 16-51-40: analysis.py: 273: DEBUG: Initialised cloud
2022-02-04 16-51-40: analysis.py: 273: DEBUG: Initialised cloud
2022-02-04 16-51-40: analysis.py: 273: DEBUG: Initialised cloud
2022-02-04 16-51-40: analysis.py: 273: DEBUG: Initialised cloud
2022-02-04 16-51-40: analysis.py: 273: DEBUG: Initialised cloud
2022-02-04 16-51-40: analysis.py: 273: DEBUG: Initialised cloud
2022-02-04 16-51-40: analysis.py: 273: DEBUG: Initialised cloud
2022-02-04 16-51-40: analysis.py: 273: DEBUG: Initialised cloud
2022-02-04 16-51-40: analysis.py: 273: DEBUG: Initialised cloud
2022-02-04 16-51-40: analysis.py: 273: DEBUG: Initialised cloud
2022-02-04 16-51-40: analysis.py: 273: DEBUG: Initialised cloud
2022-02-04 16-51-40: analysis.py: 273: DEBUG: Initialised cloud
2022-02-04 16-51-40: analysis.py: 273: DEBUG: Initialised cloud
2022-02-04 16-51-40: analysis.py: 273: DEBUG: Initialised cloud
2022-02-04 16-51-40: analysis.py: 273: DEBUG: Initialised cloud
2022-02-04 16-51-40: analysis.py: 171: DEBUG: Created list of all clouds
2022-02-04 16-51-40: analysis.py: 175: DEBUG: Filtered clouds by size
2022-02-04 16-51-40: analysis.py: 182: DEBUG: Filtered clouds by image border
2022-02-04 16-51-40: analysis.py: 196: DEBUG: Filtered clouds by visible area border
2022-02-04 16-51-40: analysis.py: 92: INFO: Created clouds
